<?xml version="1.0" encoding="UTF-8"?>
<!-- Generated by org.testng.reporters.JUnitReportReporter -->
<testsuite hostname="TYSS-Chaithra" failures="0" tests="2" name="vTiger.Practice.TestNGPractice" time="0.009" errors="0" timestamp="2022-11-03T10:18:24 IST" skipped="0">
  <testcase classname="vTiger.Practice.TestNGPractice" name="createCustomer" time="0.007"/>
  <system-out/>
  <testcase classname="vTiger.Practice.TestNGPractice" name="modifyCustomer" time="0.002"/>
  <system-out/>
</testsuite> <!-- vTiger.Practice.TestNGPractice -->
