<?xml version="1.0" encoding="UTF-8"?>
<!-- Generated by org.testng.reporters.JUnitReportReporter -->
<testsuite hostname="TYSS-Chaithra" failures="0" tests="6" name="vTiger.Practice.DataProviderPractice" time="0.027" errors="0" timestamp="2022-11-03T11:30:31 IST" skipped="0">
  <testcase classname="vTiger.Practice.DataProviderPractice" name="addProductToCartTest" time="0.004"/>
  <system-out/>
  <testcase classname="vTiger.Practice.DataProviderPractice" name="addProductToCartTest" time="0.012"/>
  <system-out/>
  <testcase classname="vTiger.Practice.DataProviderPractice" name="addProductToCartTest1" time="0.002"/>
  <system-out/>
  <testcase classname="vTiger.Practice.DataProviderPractice" name="addProductToCartTest1" time="0.003"/>
  <system-out/>
  <testcase classname="vTiger.Practice.DataProviderPractice" name="addProductToCartTest" time="0.004"/>
  <system-out/>
  <testcase classname="vTiger.Practice.DataProviderPractice" name="addProductToCartTest1" time="0.002"/>
  <system-out/>
</testsuite> <!-- vTiger.Practice.DataProviderPractice -->
