<?xml version="1.0" encoding="UTF-8"?>
<!-- Generated by org.testng.reporters.JUnitReportReporter -->
<testsuite hostname="TYSS-Chaithra" failures="0" tests="1" name="vTiger.Practice.CreateConTest" time="0.005" errors="0" timestamp="2022-11-16T11:45:52 IST" skipped="0">
  <testcase classname="vTiger.Practice.CreateConTest" name="cct" time="0.005"/>
  <system-out/>
</testsuite> <!-- vTiger.Practice.CreateConTest -->
